# JRE version: OpenJDK Runtime Environment (17.0.9) (build 17.0.9+0--11185874)
# Java VM: OpenJDK 64-Bit Server VM (17.0.9+0--11185874, mixed mode, tiered, compressed oops, compressed class ptrs, g1 gc, windows-amd64)
GC Precious Log:
 CPUs: 8 total, 8 available
 Memory: 16078M
 Large Page Support: Disabled
 NUMA Support: Disabled
 Compressed Oops: Enabled (32-bit)
 Heap Region Size: 1M
 Heap Min Capacity: 8M
 Heap Initial Capacity: 252M
 Heap Max Capacity: 2G
 Pre-touch: Disabled
 Parallel Workers: 8
 Concurrent Workers: 2
 Concurrent Refinement Workers: 8
 Periodic GC: Disabled
Heap:
 garbage-first heap   total 311296K, used 158901K [0x0000000080000000, 0x0000000100000000)
  region size 1024K, 6 young (6144K), 6 survivors (6144K)
 Metaspace       used 140463K, committed 141760K, reserved 1179648K
  class space    used 19254K, committed 19904K, reserved 1048576K
GC Heap History (20 events):
Event: 254.572 GC heap after
{Heap after GC invocations=52 (full 0):
 garbage-first heap   total 304128K, used 155719K [0x0000000080000000, 0x0000000100000000)
  region size 1024K, 2 young (2048K), 2 survivors (2048K)
 Metaspace       used 137397K, committed 138432K, reserved 1179648K
  class space    used 19058K, committed 19584K, reserved 1048576K
}
Event: 256.337 GC heap before
{Heap before GC invocations=52 (full 0):
 garbage-first heap   total 304128K, used 240711K [0x0000000080000000, 0x0000000100000000)
  region size 1024K, 87 young (89088K), 2 survivors (2048K)
 Metaspace       used 137862K, committed 138880K, reserved 1179648K
  class space    used 19076K, committed 19584K, reserved 1048576K
}
Event: 256.342 GC heap after
{Heap after GC invocations=53 (full 0):
 garbage-first heap   total 304128K, used 158886K [0x0000000080000000, 0x0000000100000000)
  region size 1024K, 5 young (5120K), 5 survivors (5120K)
 Metaspace       used 137862K, committed 138880K, reserved 1179648K
  class space    used 19076K, committed 19584K, reserved 1048576K
}
Event: 356.581 GC heap before
{Heap before GC invocations=54 (full 0):
 garbage-first heap   total 306176K, used 269478K [0x0000000080000000, 0x0000000100000000)
  region size 1024K, 94 young (96256K), 5 survivors (5120K)
 Metaspace       used 138269K, committed 139392K, reserved 1179648K
  class space    used 19107K, committed 19648K, reserved 1048576K
}
Event: 356.590 GC heap after
{Heap after GC invocations=55 (full 0):
 garbage-first heap   total 306176K, used 164167K [0x0000000080000000, 0x0000000100000000)
  region size 1024K, 12 young (12288K), 12 survivors (12288K)
 Metaspace       used 138269K, committed 139392K, reserved 1179648K
  class space    used 19107K, committed 19648K, reserved 1048576K
}
Event: 356.609 GC heap before
{Heap before GC invocations=55 (full 0):
 garbage-first heap   total 306176K, used 166215K [0x0000000080000000, 0x0000000100000000)
  region size 1024K, 14 young (14336K), 12 survivors (12288K)
 Metaspace       used 138276K, committed 139392K, reserved 1179648K
  class space    used 19107K, committed 19648K, reserved 1048576K
}
Event: 356.620 GC heap after
{Heap after GC invocations=56 (full 0):
 garbage-first heap   total 306176K, used 146201K [0x0000000080000000, 0x0000000100000000)
  region size 1024K, 2 young (2048K), 2 survivors (2048K)
 Metaspace       used 138276K, committed 139392K, reserved 1179648K
  class space    used 19107K, committed 19648K, reserved 1048576K
}
Event: 358.064 GC heap before
{Heap before GC invocations=56 (full 0):
 garbage-first heap   total 306176K, used 213785K [0x0000000080000000, 0x0000000100000000)
  region size 1024K, 70 young (71680K), 2 survivors (2048K)
 Metaspace       used 139069K, committed 140352K, reserved 1179648K
  class space    used 19230K, committed 19840K, reserved 1048576K
}
Event: 358.067 GC heap after
{Heap after GC invocations=57 (full 0):
 garbage-first heap   total 306176K, used 146942K [0x0000000080000000, 0x0000000100000000)
  region size 1024K, 3 young (3072K), 3 survivors (3072K)
 Metaspace       used 139069K, committed 140352K, reserved 1179648K
  class space    used 19230K, committed 19840K, reserved 1048576K
}
Event: 704.345 GC heap before
{Heap before GC invocations=58 (full 0):
 garbage-first heap   total 306176K, used 273918K [0x0000000080000000, 0x0000000100000000)
  region size 1024K, 105 young (107520K), 3 survivors (3072K)
 Metaspace       used 139377K, committed 140608K, reserved 1179648K
  class space    used 19232K, committed 19840K, reserved 1048576K
}
Event: 704.355 GC heap after
{Heap after GC invocations=59 (full 0):
 garbage-first heap   total 306176K, used 160329K [0x0000000080000000, 0x0000000100000000)
  region size 1024K, 14 young (14336K), 14 survivors (14336K)
 Metaspace       used 139377K, committed 140608K, reserved 1179648K
  class space    used 19232K, committed 19840K, reserved 1048576K
}
Event: 704.357 GC heap before
{Heap before GC invocations=59 (full 0):
 garbage-first heap   total 306176K, used 161353K [0x0000000080000000, 0x0000000100000000)
  region size 1024K, 15 young (15360K), 14 survivors (14336K)
 Metaspace       used 139377K, committed 140608K, reserved 1179648K
  class space    used 19232K, committed 19840K, reserved 1048576K
}
Event: 704.366 GC heap after
{Heap after GC invocations=60 (full 0):
 garbage-first heap   total 306176K, used 152899K [0x0000000080000000, 0x0000000100000000)
  region size 1024K, 2 young (2048K), 2 survivors (2048K)
 Metaspace       used 139377K, committed 140608K, reserved 1179648K
  class space    used 19232K, committed 19840K, reserved 1048576K
}
Event: 706.376 GC heap before
{Heap before GC invocations=60 (full 0):
 garbage-first heap   total 306176K, used 216387K [0x0000000080000000, 0x0000000100000000)
  region size 1024K, 66 young (67584K), 2 survivors (2048K)
 Metaspace       used 139749K, committed 140992K, reserved 1179648K
  class space    used 19234K, committed 19840K, reserved 1048576K
}
Event: 706.380 GC heap after
{Heap after GC invocations=61 (full 0):
 garbage-first heap   total 306176K, used 155854K [0x0000000080000000, 0x0000000100000000)
  region size 1024K, 5 young (5120K), 5 survivors (5120K)
 Metaspace       used 139749K, committed 140992K, reserved 1179648K
  class space    used 19234K, committed 19840K, reserved 1048576K
}
Event: 1057.826 GC heap before
{Heap before GC invocations=62 (full 0):
 garbage-first heap   total 311296K, used 260302K [0x0000000080000000, 0x0000000100000000)
  region size 1024K, 85 young (87040K), 5 survivors (5120K)
 Metaspace       used 140035K, committed 141376K, reserved 1179648K
  class space    used 19249K, committed 19904K, reserved 1048576K
}
Event: 1057.836 GC heap after
{Heap after GC invocations=63 (full 0):
 garbage-first heap   total 311296K, used 163411K [0x0000000080000000, 0x0000000100000000)
  region size 1024K, 11 young (11264K), 11 survivors (11264K)
 Metaspace       used 140035K, committed 141376K, reserved 1179648K
  class space    used 19249K, committed 19904K, reserved 1048576K
}
Event: 1057.879 GC heap before
{Heap before GC invocations=63 (full 0):
 garbage-first heap   total 311296K, used 166483K [0x0000000080000000, 0x0000000100000000)
  region size 1024K, 15 young (15360K), 11 survivors (11264K)
 Metaspace       used 140050K, committed 141376K, reserved 1179648K
  class space    used 19249K, committed 19904K, reserved 1048576K
}
Event: 1057.893 GC heap after
{Heap after GC invocations=64 (full 0):
 garbage-first heap   total 311296K, used 155080K [0x0000000080000000, 0x0000000100000000)
  region size 1024K, 2 young (2048K), 2 survivors (2048K)
 Metaspace       used 140050K, committed 141376K, reserved 1179648K
  class space    used 19249K, committed 19904K, reserved 1048576K
}
Event: 1059.823 GC heap before
{Heap before GC invocations=64 (full 0):
 garbage-first heap   total 311296K, used 241096K [0x0000000080000000, 0x0000000100000000)
  region size 1024K, 87 young (89088K), 2 survivors (2048K)
 Metaspace       used 140463K, committed 141760K, reserved 1179648K
  class space    used 19254K, committed 19904K, reserved 1048576K
}

